0 verbose cli [
0 verbose cli   '/usr/local/bin/node',
0 verbose cli   '/usr/local/lib/node_modules/npm/bin/npm-cli.js',
0 verbose cli   'exec',
0 verbose cli   '--',
0 verbose cli   'react-native',
0 verbose cli   'run-ios',
0 verbose cli   '--simulator',
0 verbose cli   'Apple TV',
0 verbose cli   '--scheme',
0 verbose cli   'TVapp-tvOS'
0 verbose cli ]
1 info using npm@7.0.8
2 info using node@v15.1.0
3 timing config:load:defaults Completed in 1ms
4 timing config:load:file:/usr/local/lib/node_modules/npm/npmrc Completed in 0ms
5 timing config:load:builtin Completed in 0ms
6 timing config:load:cli Completed in 2ms
7 timing config:load:env Completed in 0ms
8 timing config:load:project Completed in 1ms
9 timing config:load:file:/Users/pwamsley/.npmrc Completed in 0ms
10 timing config:load:user Completed in 0ms
11 timing config:load:file:/usr/local/etc/npmrc Completed in 0ms
12 timing config:load:global Completed in 0ms
13 timing config:load:cafile Completed in 1ms
14 timing config:load:validate Completed in 0ms
15 timing config:load:setUserAgent Completed in 0ms
16 timing config:load:setEnvs Completed in 1ms
17 timing config:load Completed in 6ms
18 verbose npm-session ba72f05e00ee16c8
19 timing npm:load Completed in 12ms
20 timing command:exec Completed in 194ms
21 verbose stack Error: command failed
21 verbose stack     at ChildProcess.<anonymous> (/usr/local/lib/node_modules/npm/node_modules/@npmcli/promise-spawn/index.js:64:27)
21 verbose stack     at ChildProcess.emit (node:events:327:20)
21 verbose stack     at maybeClose (node:internal/child_process:1055:16)
21 verbose stack     at Process.ChildProcess._handle.onexit (node:internal/child_process:288:5)
22 verbose cwd /Users/pwamsley/Desktop/important/programming/full_moon_js/TestApp
23 verbose Darwin 20.1.0
24 verbose argv "/usr/local/bin/node" "/usr/local/lib/node_modules/npm/bin/npm-cli.js" "exec" "--" "react-native" "run-ios" "--simulator" "Apple TV" "--scheme" "TVapp-tvOS"
25 verbose node v15.1.0
26 verbose npm  v7.0.8
27 error code 1
28 error path /Users/pwamsley/Desktop/important/programming/full_moon_js/TestApp
29 error command failed
30 error command sh -c react-native run-ios --simulator 'Apple TV' --scheme TVapp-tvOS
31 verbose exit 1
