2019-07-22 12:23:29 [main] INFO  net.runelite.client.rs.ClientLoader - client-patch 254380560.199
2019-07-22 12:23:30 [main] INFO  n.r.client.account.SessionManager - No session file exists
2019-07-22 12:23:30 [main] INFO  n.r.c.plugins.kourendlibrary.Library - Library is now reset
2019-07-22 12:23:33 [AWT-EventQueue-0] INFO  net.runelite.client.ui.ClientUI - Showing frame net.runelite.client.ui.ContainableFrame[frame0,316,194,809x534,layout=java.awt.BorderLayout,title=RuneLite,resizable,normal,defaultCloseOperation=DO_NOTHING_ON_CLOSE,rootPane=javax.swing.JRootPane[,0,0,809x534,layout=org.pushingpixels.substance.internal.ui.SubstanceRootPaneUI$SubstanceRootLayout,alignmentX=0.0,alignmentY=0.0,border=org.pushingpixels.substance.internal.utils.border.SubstancePaneBorder@48d0bb47,flags=16777673,maximumSize=,minimumSize=,preferredSize=],rootPaneCheckingEnabled=true]
2019-07-22 12:23:33 [main] INFO  n.r.client.discord.DiscordService - Initializing Discord RPC service.
2019-07-22 12:23:35 [main] INFO  net.runelite.client.RuneLite - Client initialization took 9887ms. Uptime: 10341ms
2019-07-22 18:06:44 [main] INFO  net.runelite.client.rs.ClientLoader - client-patch 254380560.199
2019-07-22 18:06:45 [main] INFO  n.r.client.account.SessionManager - No session file exists
2019-07-22 18:06:45 [main] INFO  n.r.c.plugins.kourendlibrary.Library - Library is now reset
2019-07-22 18:06:48 [AWT-EventQueue-0] INFO  net.runelite.client.ui.ClientUI - Showing frame net.runelite.client.ui.ContainableFrame[frame0,316,194,809x534,layout=java.awt.BorderLayout,title=RuneLite,resizable,normal,defaultCloseOperation=DO_NOTHING_ON_CLOSE,rootPane=javax.swing.JRootPane[,0,0,809x534,layout=org.pushingpixels.substance.internal.ui.SubstanceRootPaneUI$SubstanceRootLayout,alignmentX=0.0,alignmentY=0.0,border=org.pushingpixels.substance.internal.utils.border.SubstancePaneBorder@7aebac6d,flags=16777673,maximumSize=,minimumSize=,preferredSize=],rootPaneCheckingEnabled=true]
2019-07-22 18:06:48 [main] INFO  n.r.client.discord.DiscordService - Initializing Discord RPC service.
2019-07-22 18:06:50 [main] INFO  net.runelite.client.RuneLite - Client initialization took 12335ms. Uptime: 12809ms
2019-07-22 18:46:46 [main] INFO  net.runelite.client.rs.ClientLoader - client-patch 254380560.199
2019-07-22 18:46:47 [main] INFO  n.r.client.account.SessionManager - No session file exists
2019-07-22 18:46:47 [main] INFO  n.r.c.plugins.kourendlibrary.Library - Library is now reset
2019-07-22 18:46:50 [AWT-EventQueue-0] INFO  net.runelite.client.ui.ClientUI - Showing frame net.runelite.client.ui.ContainableFrame[frame0,316,194,809x534,layout=java.awt.BorderLayout,title=RuneLite,resizable,normal,defaultCloseOperation=DO_NOTHING_ON_CLOSE,rootPane=javax.swing.JRootPane[,0,0,809x534,layout=org.pushingpixels.substance.internal.ui.SubstanceRootPaneUI$SubstanceRootLayout,alignmentX=0.0,alignmentY=0.0,border=org.pushingpixels.substance.internal.utils.border.SubstancePaneBorder@3542c7a1,flags=16777673,maximumSize=,minimumSize=,preferredSize=],rootPaneCheckingEnabled=true]
2019-07-22 18:46:50 [main] INFO  n.r.client.discord.DiscordService - Initializing Discord RPC service.
2019-07-22 18:46:52 [main] INFO  net.runelite.client.RuneLite - Client initialization took 10332ms. Uptime: 10768ms
2019-07-22 18:58:08 [Client] WARN  n.runelite.client.eventbus.EventBus - Uncaught exception in event subscriber
java.lang.NullPointerException: null
	at net.runelite.client.plugins.slayer.SlayerPlugin.onExperienceChanged(SlayerPlugin.java:538)
	at net.runelite.client.eventbus.EventBus$Subscriber.invoke(EventBus.java:72)
	at net.runelite.client.eventbus.EventBus.post(EventBus.java:218)
	at net.runelite.client.callback.Hooks.post(Hooks.java:136)
	at client.af(client.java:39314)
	at client.ny(client.java:6021)
	at client.ef(client.java:2412)
	at client.ad(client.java:921)
	at bz.vb(bz.java:364)
	at bz.run(bz.java:343)
	at java.lang.Thread.run(Thread.java:748)
