2019-07-23 12:56:19 [main] INFO  net.runelite.client.rs.ClientLoader - client-patch 254380560.199
2019-07-23 12:56:19 [main] INFO  n.r.client.account.SessionManager - No session file exists
2019-07-23 12:56:19 [main] INFO  n.r.c.plugins.kourendlibrary.Library - Library is now reset
2019-07-23 12:56:22 [AWT-EventQueue-0] INFO  net.runelite.client.ui.ClientUI - Showing frame net.runelite.client.ui.ContainableFrame[frame0,316,194,809x534,layout=java.awt.BorderLayout,title=RuneLite,resizable,normal,defaultCloseOperation=DO_NOTHING_ON_CLOSE,rootPane=javax.swing.JRootPane[,0,0,809x534,layout=org.pushingpixels.substance.internal.ui.SubstanceRootPaneUI$SubstanceRootLayout,alignmentX=0.0,alignmentY=0.0,border=org.pushingpixels.substance.internal.utils.border.SubstancePaneBorder@bf0a1ee,flags=16777673,maximumSize=,minimumSize=,preferredSize=],rootPaneCheckingEnabled=true]
2019-07-23 12:56:22 [main] INFO  n.r.client.discord.DiscordService - Initializing Discord RPC service.
2019-07-23 12:56:24 [main] INFO  net.runelite.client.RuneLite - Client initialization took 10410ms. Uptime: 10872ms
2019-07-23 15:42:12 [main] INFO  net.runelite.client.rs.ClientLoader - client-patch 254380560.199
2019-07-23 15:42:12 [main] INFO  n.r.client.account.SessionManager - No session file exists
2019-07-23 15:42:13 [main] INFO  n.r.c.plugins.kourendlibrary.Library - Library is now reset
2019-07-23 15:42:16 [AWT-EventQueue-0] INFO  net.runelite.client.ui.ClientUI - Showing frame net.runelite.client.ui.ContainableFrame[frame0,316,194,809x534,layout=java.awt.BorderLayout,title=RuneLite,resizable,normal,defaultCloseOperation=DO_NOTHING_ON_CLOSE,rootPane=javax.swing.JRootPane[,0,0,809x534,layout=org.pushingpixels.substance.internal.ui.SubstanceRootPaneUI$SubstanceRootLayout,alignmentX=0.0,alignmentY=0.0,border=org.pushingpixels.substance.internal.utils.border.SubstancePaneBorder@3e2d3f7b,flags=16777673,maximumSize=,minimumSize=,preferredSize=],rootPaneCheckingEnabled=true]
2019-07-23 15:42:16 [main] INFO  n.r.client.discord.DiscordService - Initializing Discord RPC service.
2019-07-23 15:42:17 [main] INFO  net.runelite.client.RuneLite - Client initialization took 8759ms. Uptime: 9333ms
2019-07-23 19:21:29 [main] INFO  net.runelite.client.rs.ClientLoader - client-patch 254380560.199
2019-07-23 19:21:29 [main] INFO  n.r.client.account.SessionManager - No session file exists
2019-07-23 19:21:30 [main] INFO  n.r.c.plugins.kourendlibrary.Library - Library is now reset
2019-07-23 19:21:33 [AWT-EventQueue-0] INFO  net.runelite.client.ui.ClientUI - Showing frame net.runelite.client.ui.ContainableFrame[frame0,316,194,809x534,layout=java.awt.BorderLayout,title=RuneLite,resizable,normal,defaultCloseOperation=DO_NOTHING_ON_CLOSE,rootPane=javax.swing.JRootPane[,0,0,809x534,layout=org.pushingpixels.substance.internal.ui.SubstanceRootPaneUI$SubstanceRootLayout,alignmentX=0.0,alignmentY=0.0,border=org.pushingpixels.substance.internal.utils.border.SubstancePaneBorder@14e0d173,flags=16777673,maximumSize=,minimumSize=,preferredSize=],rootPaneCheckingEnabled=true]
2019-07-23 19:21:33 [main] INFO  n.r.client.discord.DiscordService - Initializing Discord RPC service.
2019-07-23 19:21:35 [main] INFO  net.runelite.client.RuneLite - Client initialization took 9883ms. Uptime: 10328ms
2019-07-23 20:01:52 [Client] WARN  n.runelite.client.eventbus.EventBus - Uncaught exception in event subscriber
java.lang.NullPointerException: null
	at net.runelite.client.plugins.slayer.SlayerPlugin.onExperienceChanged(SlayerPlugin.java:538)
	at net.runelite.client.eventbus.EventBus$Subscriber.invoke(EventBus.java:72)
	at net.runelite.client.eventbus.EventBus.post(EventBus.java:218)
	at net.runelite.client.callback.Hooks.post(Hooks.java:136)
	at client.af(client.java:39314)
	at client.ny(client.java:6021)
	at client.ef(client.java:2412)
	at client.ad(client.java:921)
	at bz.vb(bz.java:364)
	at bz.run(bz.java:343)
	at java.lang.Thread.run(Thread.java:748)
2019-07-23 22:23:07 [main] INFO  net.runelite.client.rs.ClientLoader - client-patch 254380560.199
2019-07-23 22:23:07 [main] INFO  n.r.client.account.SessionManager - No session file exists
2019-07-23 22:23:07 [main] INFO  n.r.c.plugins.kourendlibrary.Library - Library is now reset
2019-07-23 22:23:11 [AWT-EventQueue-0] INFO  net.runelite.client.ui.ClientUI - Showing frame net.runelite.client.ui.ContainableFrame[frame0,316,194,809x534,layout=java.awt.BorderLayout,title=RuneLite,resizable,normal,defaultCloseOperation=DO_NOTHING_ON_CLOSE,rootPane=javax.swing.JRootPane[,0,0,809x534,layout=org.pushingpixels.substance.internal.ui.SubstanceRootPaneUI$SubstanceRootLayout,alignmentX=0.0,alignmentY=0.0,border=org.pushingpixels.substance.internal.utils.border.SubstancePaneBorder@4a2fa28e,flags=16777673,maximumSize=,minimumSize=,preferredSize=],rootPaneCheckingEnabled=true]
2019-07-23 22:23:11 [main] INFO  n.r.client.discord.DiscordService - Initializing Discord RPC service.
2019-07-23 22:23:12 [main] INFO  net.runelite.client.RuneLite - Client initialization took 8880ms. Uptime: 9323ms
2019-07-23 23:18:42 [main] INFO  net.runelite.client.rs.ClientLoader - client-patch 254380560.199
2019-07-23 23:18:42 [main] INFO  n.r.client.account.SessionManager - No session file exists
2019-07-23 23:18:42 [main] INFO  n.r.c.plugins.kourendlibrary.Library - Library is now reset
2019-07-23 23:18:45 [AWT-EventQueue-0] INFO  net.runelite.client.ui.ClientUI - Showing frame net.runelite.client.ui.ContainableFrame[frame0,316,194,809x534,layout=java.awt.BorderLayout,title=RuneLite,resizable,normal,defaultCloseOperation=DO_NOTHING_ON_CLOSE,rootPane=javax.swing.JRootPane[,0,0,809x534,layout=org.pushingpixels.substance.internal.ui.SubstanceRootPaneUI$SubstanceRootLayout,alignmentX=0.0,alignmentY=0.0,border=org.pushingpixels.substance.internal.utils.border.SubstancePaneBorder@1974da9c,flags=16777673,maximumSize=,minimumSize=,preferredSize=],rootPaneCheckingEnabled=true]
2019-07-23 23:18:45 [main] INFO  n.r.client.discord.DiscordService - Initializing Discord RPC service.
2019-07-23 23:18:47 [main] INFO  net.runelite.client.RuneLite - Client initialization took 8999ms. Uptime: 9451ms
