2019-08-05 01:21:00 [Preloader] INFO  net.runelite.client.rs.ClientLoader - client-patch 265295622.215
2019-08-05 01:21:00 [main] INFO  n.r.client.account.SessionManager - No session file exists
2019-08-05 01:21:01 [main] INFO  n.r.c.plugins.kourendlibrary.Library - Library is now reset
2019-08-05 01:21:02 [AWT-EventQueue-0] INFO  net.runelite.client.ui.ClientUI - Showing frame net.runelite.client.ui.ContainableFrame[frame0,316,194,809x534,layout=java.awt.BorderLayout,title=RuneLite,resizable,normal,defaultCloseOperation=DO_NOTHING_ON_CLOSE,rootPane=javax.swing.JRootPane[,0,0,809x534,layout=org.pushingpixels.substance.internal.ui.SubstanceRootPaneUI$SubstanceRootLayout,alignmentX=0.0,alignmentY=0.0,border=org.pushingpixels.substance.internal.utils.border.SubstancePaneBorder@586cf51a,flags=16777673,maximumSize=,minimumSize=,preferredSize=],rootPaneCheckingEnabled=true]
2019-08-05 01:21:02 [main] INFO  n.r.client.discord.DiscordService - Initializing Discord RPC service.
2019-08-05 01:21:04 [main] INFO  net.runelite.client.RuneLite - Client initialization took 7490ms. Uptime: 7987ms
2019-08-05 15:24:49 [Preloader] INFO  net.runelite.client.rs.ClientLoader - client-patch 265295622.215
2019-08-05 15:24:50 [main] INFO  n.r.client.account.SessionManager - No session file exists
2019-08-05 15:24:50 [main] INFO  n.r.c.plugins.kourendlibrary.Library - Library is now reset
2019-08-05 15:24:52 [AWT-EventQueue-0] INFO  net.runelite.client.ui.ClientUI - Showing frame net.runelite.client.ui.ContainableFrame[frame0,316,194,809x534,layout=java.awt.BorderLayout,title=RuneLite,resizable,normal,defaultCloseOperation=DO_NOTHING_ON_CLOSE,rootPane=javax.swing.JRootPane[,0,0,809x534,layout=org.pushingpixels.substance.internal.ui.SubstanceRootPaneUI$SubstanceRootLayout,alignmentX=0.0,alignmentY=0.0,border=org.pushingpixels.substance.internal.utils.border.SubstancePaneBorder@fd5ef19,flags=16777673,maximumSize=,minimumSize=,preferredSize=],rootPaneCheckingEnabled=true]
2019-08-05 15:24:52 [main] INFO  n.r.client.discord.DiscordService - Initializing Discord RPC service.
2019-08-05 15:24:54 [main] INFO  net.runelite.client.RuneLite - Client initialization took 7708ms. Uptime: 8193ms
2019-08-05 15:50:39 [OkHttp https://api.runelite.net/...] WARN  n.runelite.http.api.xtea.XteaClient - unable to submit xtea keys
java.net.SocketTimeoutException: timeout
	at okio.Okio$4.newTimeoutException(Okio.java:227)
	at okio.AsyncTimeout.exit(AsyncTimeout.java:284)
	at okio.AsyncTimeout$2.read(AsyncTimeout.java:240)
	at okio.RealBufferedSource.indexOf(RealBufferedSource.java:344)
	at okio.RealBufferedSource.readUtf8LineStrict(RealBufferedSource.java:216)
	at okio.RealBufferedSource.readUtf8LineStrict(RealBufferedSource.java:210)
	at okhttp3.internal.http1.Http1Codec.readResponseHeaders(Http1Codec.java:189)
	at okhttp3.internal.http.CallServerInterceptor.intercept(CallServerInterceptor.java:75)
	at okhttp3.internal.http.RealInterceptorChain.proceed(RealInterceptorChain.java:92)
	at okhttp3.internal.http.RealInterceptorChain.proceed(RealInterceptorChain.java:67)
	at net.runelite.http.api.RuneLiteAPI$1.intercept(RuneLiteAPI.java:92)
	at okhttp3.internal.http.RealInterceptorChain.proceed(RealInterceptorChain.java:92)
	at okhttp3.internal.connection.ConnectInterceptor.intercept(ConnectInterceptor.java:45)
	at okhttp3.internal.http.RealInterceptorChain.proceed(RealInterceptorChain.java:92)
	at okhttp3.internal.http.RealInterceptorChain.proceed(RealInterceptorChain.java:67)
	at okhttp3.internal.cache.CacheInterceptor.intercept(CacheInterceptor.java:93)
	at okhttp3.internal.http.RealInterceptorChain.proceed(RealInterceptorChain.java:92)
	at okhttp3.internal.http.RealInterceptorChain.proceed(RealInterceptorChain.java:67)
	at okhttp3.internal.http.BridgeInterceptor.intercept(BridgeInterceptor.java:93)
	at okhttp3.internal.http.RealInterceptorChain.proceed(RealInterceptorChain.java:92)
	at okhttp3.internal.http.RetryAndFollowUpInterceptor.intercept(RetryAndFollowUpInterceptor.java:120)
	at okhttp3.internal.http.RealInterceptorChain.proceed(RealInterceptorChain.java:92)
	at okhttp3.internal.http.RealInterceptorChain.proceed(RealInterceptorChain.java:67)
	at okhttp3.RealCall.getResponseWithInterceptorChain(RealCall.java:185)
	at okhttp3.RealCall$AsyncCall.execute(RealCall.java:135)
	at okhttp3.internal.NamedRunnable.run(NamedRunnable.java:32)
	at java.util.concurrent.ThreadPoolExecutor.runWorker(ThreadPoolExecutor.java:1149)
	at java.util.concurrent.ThreadPoolExecutor$Worker.run(ThreadPoolExecutor.java:624)
	at java.lang.Thread.run(Thread.java:748)
Caused by: java.net.SocketTimeoutException: Read timed out
	at java.net.SocketInputStream.socketRead0(Native Method)
	at java.net.SocketInputStream.socketRead(SocketInputStream.java:116)
	at java.net.SocketInputStream.read(SocketInputStream.java:171)
	at java.net.SocketInputStream.read(SocketInputStream.java:141)
	at sun.security.ssl.InputRecord.readFully(InputRecord.java:465)
	at sun.security.ssl.InputRecord.read(InputRecord.java:503)
	at sun.security.ssl.SSLSocketImpl.readRecord(SSLSocketImpl.java:983)
	at sun.security.ssl.SSLSocketImpl.readDataRecord(SSLSocketImpl.java:940)
	at sun.security.ssl.AppInputStream.read(AppInputStream.java:105)
	at okio.Okio$2.read(Okio.java:138)
	at okio.AsyncTimeout$2.read(AsyncTimeout.java:236)
	... 26 common frames omitted
2019-08-05 20:45:45 [Preloader] INFO  net.runelite.client.rs.ClientLoader - client-patch 265295622.215
2019-08-05 20:45:45 [main] INFO  n.r.client.account.SessionManager - No session file exists
2019-08-05 20:45:46 [main] INFO  n.r.c.plugins.kourendlibrary.Library - Library is now reset
2019-08-05 20:45:48 [AWT-EventQueue-0] INFO  net.runelite.client.ui.ClientUI - Showing frame net.runelite.client.ui.ContainableFrame[frame0,316,194,809x534,layout=java.awt.BorderLayout,title=RuneLite,resizable,normal,defaultCloseOperation=DO_NOTHING_ON_CLOSE,rootPane=javax.swing.JRootPane[,0,0,809x534,layout=org.pushingpixels.substance.internal.ui.SubstanceRootPaneUI$SubstanceRootLayout,alignmentX=0.0,alignmentY=0.0,border=org.pushingpixels.substance.internal.utils.border.SubstancePaneBorder@49cd70cb,flags=16777673,maximumSize=,minimumSize=,preferredSize=],rootPaneCheckingEnabled=true]
2019-08-05 20:45:48 [main] INFO  n.r.client.discord.DiscordService - Initializing Discord RPC service.
2019-08-05 20:45:49 [main] INFO  net.runelite.client.RuneLite - Client initialization took 7862ms. Uptime: 8334ms
