2020-09-08 12:39:35 [main] INFO  net.runelite.client.RuneLite - RuneLite 1.6.26.1 (launcher version 2.1.3) starting up, args: none
2020-09-08 12:39:36 [Preloader] INFO  net.runelite.client.rs.ClientLoader - Using cached vanilla client
2020-09-08 12:39:36 [Preloader] INFO  net.runelite.client.rs.ClientLoader - Using cached patched client
2020-09-08 12:39:37 [Preloader] INFO  net.runelite.client.rs.ClientLoader - client-patch 716162773.246
2020-09-08 12:39:37 [main] INFO  n.r.client.account.SessionManager - No session file exists
2020-09-08 12:39:38 [main] INFO  n.r.c.plugins.kourendlibrary.Library - Library is now reset
2020-09-08 12:39:38 [main] INFO  n.r.client.discord.DiscordService - Initializing Discord RPC service.
2020-09-08 12:39:41 [main] INFO  net.runelite.client.RuneLite - Client initialization took 5790ms. Uptime: 7098ms
2020-09-08 12:39:41 [AWT-EventQueue-0] INFO  net.runelite.client.ui.ClientUI - Showing frame net.runelite.client.ui.ContainableFrame[frame0,61,162,387x267,invalid,layout=java.awt.BorderLayout,title=RuneLite,resizable,normal,defaultCloseOperation=DO_NOTHING_ON_CLOSE,rootPane=javax.swing.JRootPane[,0,0,387x267,layout=org.pushingpixels.substance.internal.ui.SubstanceRootPaneUI$SubstanceRootLayout,alignmentX=0.0,alignmentY=0.0,border=org.pushingpixels.substance.internal.utils.border.SubstancePaneBorder@16ac4dc7,flags=16777673,maximumSize=,minimumSize=,preferredSize=],rootPaneCheckingEnabled=true]
2020-09-08 12:43:26 [Client] WARN  n.runelite.client.eventbus.EventBus - Uncaught exception in event subscriber
java.lang.NullPointerException: null
	at java.base/java.util.stream.ReferencePipeline$4$1.accept(ReferencePipeline.java:212)
	at java.base/java.util.stream.SliceOps$1$1.accept(SliceOps.java:199)
	at java.base/java.util.Spliterators$ArraySpliterator.tryAdvance(Spliterators.java:958)
	at java.base/java.util.stream.ReferencePipeline.forEachWithCancel(ReferencePipeline.java:127)
	at java.base/java.util.stream.AbstractPipeline.copyIntoWithCancel(AbstractPipeline.java:502)
	at java.base/java.util.stream.AbstractPipeline.copyInto(AbstractPipeline.java:488)
	at java.base/java.util.stream.AbstractPipeline.wrapAndCopyInto(AbstractPipeline.java:474)
	at java.base/java.util.stream.MatchOps$MatchOp.evaluateSequential(MatchOps.java:230)
	at java.base/java.util.stream.MatchOps$MatchOp.evaluateSequential(MatchOps.java:196)
	at java.base/java.util.stream.AbstractPipeline.evaluate(AbstractPipeline.java:234)
	at java.base/java.util.stream.IntPipeline.anyMatch(IntPipeline.java:513)
	at net.runelite.client.plugins.experiencedrop.XpDropPlugin.processXpDrop(XpDropPlugin.java:117)
	at net.runelite.client.plugins.experiencedrop.XpDropPlugin.onScriptPreFired(XpDropPlugin.java:88)
	at net.runelite.client.eventbus.EventBus$Subscriber.invoke(EventBus.java:73)
	at net.runelite.client.eventbus.EventBus.post(EventBus.java:222)
	at net.runelite.client.callback.Hooks.post(Hooks.java:165)
	at client.ir(client.java:41218)
	at jy.k(jy.java:34142)
	at cy.z(cy.java:97)
	at client.hn(client.java:3050)
	at client.ar(client.java:1190)
	at bw.u(bw.java:334)
	at bw.run(bw.java:313)
	at java.base/java.lang.Thread.run(Thread.java:832)
2020-09-08 12:43:47 [Client] WARN  n.runelite.client.eventbus.EventBus - Uncaught exception in event subscriber
java.lang.NullPointerException: null
	at java.base/java.util.stream.ReferencePipeline$4$1.accept(ReferencePipeline.java:212)
	at java.base/java.util.stream.SliceOps$1$1.accept(SliceOps.java:199)
	at java.base/java.util.Spliterators$ArraySpliterator.tryAdvance(Spliterators.java:958)
	at java.base/java.util.stream.ReferencePipeline.forEachWithCancel(ReferencePipeline.java:127)
	at java.base/java.util.stream.AbstractPipeline.copyIntoWithCancel(AbstractPipeline.java:502)
	at java.base/java.util.stream.AbstractPipeline.copyInto(AbstractPipeline.java:488)
	at java.base/java.util.stream.AbstractPipeline.wrapAndCopyInto(AbstractPipeline.java:474)
	at java.base/java.util.stream.MatchOps$MatchOp.evaluateSequential(MatchOps.java:230)
	at java.base/java.util.stream.MatchOps$MatchOp.evaluateSequential(MatchOps.java:196)
	at java.base/java.util.stream.AbstractPipeline.evaluate(AbstractPipeline.java:234)
	at java.base/java.util.stream.IntPipeline.anyMatch(IntPipeline.java:513)
	at net.runelite.client.plugins.experiencedrop.XpDropPlugin.processXpDrop(XpDropPlugin.java:117)
	at net.runelite.client.plugins.experiencedrop.XpDropPlugin.onScriptPreFired(XpDropPlugin.java:88)
	at net.runelite.client.eventbus.EventBus$Subscriber.invoke(EventBus.java:73)
	at net.runelite.client.eventbus.EventBus.post(EventBus.java:222)
	at net.runelite.client.callback.Hooks.post(Hooks.java:165)
	at client.ir(client.java:41218)
	at jy.k(jy.java:34142)
	at cy.z(cy.java:97)
	at client.hn(client.java:3050)
	at client.ar(client.java:1190)
	at bw.u(bw.java:334)
	at bw.run(bw.java:313)
	at java.base/java.lang.Thread.run(Thread.java:832)
2020-09-08 12:43:49 [Client] WARN  n.runelite.client.eventbus.EventBus - Uncaught exception in event subscriber
java.lang.NullPointerException: null
	at java.base/java.util.stream.ReferencePipeline$4$1.accept(ReferencePipeline.java:212)
	at java.base/java.util.stream.SliceOps$1$1.accept(SliceOps.java:199)
	at java.base/java.util.Spliterators$ArraySpliterator.tryAdvance(Spliterators.java:958)
	at java.base/java.util.stream.ReferencePipeline.forEachWithCancel(ReferencePipeline.java:127)
	at java.base/java.util.stream.AbstractPipeline.copyIntoWithCancel(AbstractPipeline.java:502)
	at java.base/java.util.stream.AbstractPipeline.copyInto(AbstractPipeline.java:488)
	at java.base/java.util.stream.AbstractPipeline.wrapAndCopyInto(AbstractPipeline.java:474)
	at java.base/java.util.stream.MatchOps$MatchOp.evaluateSequential(MatchOps.java:230)
	at java.base/java.util.stream.MatchOps$MatchOp.evaluateSequential(MatchOps.java:196)
	at java.base/java.util.stream.AbstractPipeline.evaluate(AbstractPipeline.java:234)
	at java.base/java.util.stream.IntPipeline.anyMatch(IntPipeline.java:513)
	at net.runelite.client.plugins.experiencedrop.XpDropPlugin.processXpDrop(XpDropPlugin.java:117)
	at net.runelite.client.plugins.experiencedrop.XpDropPlugin.onScriptPreFired(XpDropPlugin.java:88)
	at net.runelite.client.eventbus.EventBus$Subscriber.invoke(EventBus.java:73)
	at net.runelite.client.eventbus.EventBus.post(EventBus.java:222)
	at net.runelite.client.callback.Hooks.post(Hooks.java:165)
	at client.ir(client.java:41218)
	at jy.k(jy.java:34142)
	at cy.z(cy.java:97)
	at client.hn(client.java:3050)
	at client.ar(client.java:1190)
	at bw.u(bw.java:334)
	at bw.run(bw.java:313)
	at java.base/java.lang.Thread.run(Thread.java:832)
2020-09-08 12:43:51 [Client] WARN  n.runelite.client.eventbus.EventBus - Uncaught exception in event subscriber
java.lang.NullPointerException: null
	at java.base/java.util.stream.ReferencePipeline$4$1.accept(ReferencePipeline.java:212)
	at java.base/java.util.stream.SliceOps$1$1.accept(SliceOps.java:199)
	at java.base/java.util.Spliterators$ArraySpliterator.tryAdvance(Spliterators.java:958)
	at java.base/java.util.stream.ReferencePipeline.forEachWithCancel(ReferencePipeline.java:127)
	at java.base/java.util.stream.AbstractPipeline.copyIntoWithCancel(AbstractPipeline.java:502)
	at java.base/java.util.stream.AbstractPipeline.copyInto(AbstractPipeline.java:488)
	at java.base/java.util.stream.AbstractPipeline.wrapAndCopyInto(AbstractPipeline.java:474)
	at java.base/java.util.stream.MatchOps$MatchOp.evaluateSequential(MatchOps.java:230)
	at java.base/java.util.stream.MatchOps$MatchOp.evaluateSequential(MatchOps.java:196)
	at java.base/java.util.stream.AbstractPipeline.evaluate(AbstractPipeline.java:234)
	at java.base/java.util.stream.IntPipeline.anyMatch(IntPipeline.java:513)
	at net.runelite.client.plugins.experiencedrop.XpDropPlugin.processXpDrop(XpDropPlugin.java:117)
	at net.runelite.client.plugins.experiencedrop.XpDropPlugin.onScriptPreFired(XpDropPlugin.java:88)
	at net.runelite.client.eventbus.EventBus$Subscriber.invoke(EventBus.java:73)
	at net.runelite.client.eventbus.EventBus.post(EventBus.java:222)
	at net.runelite.client.callback.Hooks.post(Hooks.java:165)
	at client.ir(client.java:41218)
	at jy.k(jy.java:34142)
	at cy.z(cy.java:97)
	at client.hn(client.java:3050)
	at client.ar(client.java:1190)
	at bw.u(bw.java:334)
	at bw.run(bw.java:313)
	at java.base/java.lang.Thread.run(Thread.java:832)
