2020-09-13 10:26:46 [main] INFO  net.runelite.launcher.Launcher - RuneLite Launcher version 2.1.3
2020-09-13 10:26:46 [main] INFO  net.runelite.launcher.Launcher - Setting hardware acceleration to OPENGL
2020-09-13 10:26:47 [main] INFO  net.runelite.launcher.Launcher - Verified hash of client-1.6.26.1.jar
2020-09-13 10:26:47 [main] INFO  net.runelite.launcher.Launcher - Verified hash of slf4j-api-1.7.25.jar
2020-09-13 10:26:47 [main] INFO  net.runelite.launcher.Launcher - Verified hash of logback-classic-1.2.3.jar
2020-09-13 10:26:47 [main] INFO  net.runelite.launcher.Launcher - Verified hash of logback-core-1.2.3.jar
2020-09-13 10:26:47 [main] INFO  net.runelite.launcher.Launcher - Verified hash of jopt-simple-5.0.1.jar
2020-09-13 10:26:47 [main] INFO  net.runelite.launcher.Launcher - Verified hash of guava-23.2-jre.jar
2020-09-13 10:26:47 [main] INFO  net.runelite.launcher.Launcher - Verified hash of guice-4.1.0-no_aop.jar
2020-09-13 10:26:47 [main] INFO  net.runelite.launcher.Launcher - Verified hash of javax.inject-1.jar
2020-09-13 10:26:47 [main] INFO  net.runelite.launcher.Launcher - Verified hash of aopalliance-1.0.jar
2020-09-13 10:26:47 [main] INFO  net.runelite.launcher.Launcher - Verified hash of gson-2.8.5.jar
2020-09-13 10:26:47 [main] INFO  net.runelite.launcher.Launcher - Verified hash of substance-8.0.02.jar
2020-09-13 10:26:47 [main] INFO  net.runelite.launcher.Launcher - Verified hash of trident-1.5.00.jar
2020-09-13 10:26:47 [main] INFO  net.runelite.launcher.Launcher - Verified hash of commons-text-1.2.jar
2020-09-13 10:26:47 [main] INFO  net.runelite.launcher.Launcher - Verified hash of commons-lang3-3.7.jar
2020-09-13 10:26:48 [main] INFO  net.runelite.launcher.Launcher - Verified hash of jogl-all-2.4.0-rc-20200429.jar
2020-09-13 10:26:48 [main] INFO  net.runelite.launcher.Launcher - Verified hash of jogl-all-2.4.0-rc-20200429-natives-windows-amd64.jar
2020-09-13 10:26:48 [main] INFO  net.runelite.launcher.Launcher - Verified hash of jogl-all-2.4.0-rc-20200429-natives-windows-i586.jar
2020-09-13 10:26:48 [main] INFO  net.runelite.launcher.Launcher - Verified hash of jogl-all-2.4.0-rc-20200429-natives-linux-amd64.jar
2020-09-13 10:26:48 [main] INFO  net.runelite.launcher.Launcher - Verified hash of jogl-all-2.4.0-rc-20200429-natives-macosx-universal.jar
2020-09-13 10:26:48 [main] INFO  net.runelite.launcher.Launcher - Verified hash of gluegen-rt-2.4.0-rc-20200429.jar
2020-09-13 10:26:48 [main] INFO  net.runelite.launcher.Launcher - Verified hash of gluegen-rt-2.4.0-rc-20200429-natives-windows-amd64.jar
2020-09-13 10:26:48 [main] INFO  net.runelite.launcher.Launcher - Verified hash of gluegen-rt-2.4.0-rc-20200429-natives-windows-i586.jar
2020-09-13 10:26:48 [main] INFO  net.runelite.launcher.Launcher - Verified hash of gluegen-rt-2.4.0-rc-20200429-natives-linux-amd64.jar
2020-09-13 10:26:48 [main] INFO  net.runelite.launcher.Launcher - Verified hash of gluegen-rt-2.4.0-rc-20200429-natives-macosx-universal.jar
2020-09-13 10:26:48 [main] INFO  net.runelite.launcher.Launcher - Verified hash of archive-patcher-1.0.jar
2020-09-13 10:26:48 [main] INFO  net.runelite.launcher.Launcher - Verified hash of jna-4.5.1.jar
2020-09-13 10:26:48 [main] INFO  net.runelite.launcher.Launcher - Verified hash of jna-platform-4.5.1.jar
2020-09-13 10:26:48 [main] INFO  net.runelite.launcher.Launcher - Verified hash of jsr305-3.0.2.jar
2020-09-13 10:26:48 [main] INFO  net.runelite.launcher.Launcher - Verified hash of runelite-api-1.6.26.1.jar
2020-09-13 10:26:48 [main] INFO  net.runelite.launcher.Launcher - Verified hash of client-patch-1.6.26.1.jar
2020-09-13 10:26:48 [main] INFO  net.runelite.launcher.Launcher - Verified hash of http-api-1.6.26.1.jar
2020-09-13 10:26:48 [main] INFO  net.runelite.launcher.Launcher - Verified hash of okhttp-3.7.0.jar
2020-09-13 10:26:48 [main] INFO  net.runelite.launcher.Launcher - Verified hash of okio-1.12.0.jar
2020-09-13 10:26:48 [main] INFO  net.runelite.launcher.Launcher - Verified hash of commons-csv-1.4.jar
2020-09-13 10:26:48 [main] INFO  net.runelite.launcher.Launcher - Verified hash of discord-1.2.jar
2020-09-13 10:26:48 [main] INFO  net.runelite.launcher.JvmLauncher - Running [/Library/Java/JavaVirtualMachines/openjdk-14.0.2.jdk/Contents/Home/bin/java, -cp, /Users/pwamsley/.runelite/repository2/client-1.6.26.1.jar:/Users/pwamsley/.runelite/repository2/slf4j-api-1.7.25.jar:/Users/pwamsley/.runelite/repository2/logback-classic-1.2.3.jar:/Users/pwamsley/.runelite/repository2/logback-core-1.2.3.jar:/Users/pwamsley/.runelite/repository2/jopt-simple-5.0.1.jar:/Users/pwamsley/.runelite/repository2/guava-23.2-jre.jar:/Users/pwamsley/.runelite/repository2/guice-4.1.0-no_aop.jar:/Users/pwamsley/.runelite/repository2/javax.inject-1.jar:/Users/pwamsley/.runelite/repository2/aopalliance-1.0.jar:/Users/pwamsley/.runelite/repository2/gson-2.8.5.jar:/Users/pwamsley/.runelite/repository2/substance-8.0.02.jar:/Users/pwamsley/.runelite/repository2/trident-1.5.00.jar:/Users/pwamsley/.runelite/repository2/commons-text-1.2.jar:/Users/pwamsley/.runelite/repository2/commons-lang3-3.7.jar:/Users/pwamsley/.runelite/repository2/jogl-all-2.4.0-rc-20200429.jar:/Users/pwamsley/.runelite/repository2/jogl-all-2.4.0-rc-20200429-natives-windows-amd64.jar:/Users/pwamsley/.runelite/repository2/jogl-all-2.4.0-rc-20200429-natives-windows-i586.jar:/Users/pwamsley/.runelite/repository2/jogl-all-2.4.0-rc-20200429-natives-linux-amd64.jar:/Users/pwamsley/.runelite/repository2/jogl-all-2.4.0-rc-20200429-natives-macosx-universal.jar:/Users/pwamsley/.runelite/repository2/gluegen-rt-2.4.0-rc-20200429.jar:/Users/pwamsley/.runelite/repository2/gluegen-rt-2.4.0-rc-20200429-natives-windows-amd64.jar:/Users/pwamsley/.runelite/repository2/gluegen-rt-2.4.0-rc-20200429-natives-windows-i586.jar:/Users/pwamsley/.runelite/repository2/gluegen-rt-2.4.0-rc-20200429-natives-linux-amd64.jar:/Users/pwamsley/.runelite/repository2/gluegen-rt-2.4.0-rc-20200429-natives-macosx-universal.jar:/Users/pwamsley/.runelite/repository2/archive-patcher-1.0.jar:/Users/pwamsley/.runelite/repository2/jna-4.5.1.jar:/Users/pwamsley/.runelite/repository2/jna-platform-4.5.1.jar:/Users/pwamsley/.runelite/repository2/jsr305-3.0.2.jar:/Users/pwamsley/.runelite/repository2/runelite-api-1.6.26.1.jar:/Users/pwamsley/.runelite/repository2/client-patch-1.6.26.1.jar:/Users/pwamsley/.runelite/repository2/http-api-1.6.26.1.jar:/Users/pwamsley/.runelite/repository2/okhttp-3.7.0.jar:/Users/pwamsley/.runelite/repository2/okio-1.12.0.jar:/Users/pwamsley/.runelite/repository2/commons-csv-1.4.jar:/Users/pwamsley/.runelite/repository2/discord-1.2.jar, -XX:+DisableAttachMechanism, -Xmx512m, -Xss2m, -XX:CompileThreshold=1500, -Djna.nosys=true, -Dsun.java2d.noddraw=true, -Dsun.java2d.opengl=true, -Djava.net.preferIPv4Stack=true, -Djava.net.preferIPv4Addresses=true, -Drunelite.launcher.version=2.1.3, -XX:ErrorFile=/Users/pwamsley/.runelite/logs/jvm_crash_pid_%p.log, net.runelite.client.RuneLite]
2020-09-13 19:39:57 [main] INFO  net.runelite.launcher.Launcher - RuneLite Launcher version 2.1.3
2020-09-13 19:39:57 [main] INFO  net.runelite.launcher.Launcher - Setting hardware acceleration to OPENGL
2020-09-13 19:40:04 [main] INFO  net.runelite.launcher.Launcher - Verified hash of client-1.6.26.1.jar
2020-09-13 19:40:04 [main] INFO  net.runelite.launcher.Launcher - Verified hash of slf4j-api-1.7.25.jar
2020-09-13 19:40:04 [main] INFO  net.runelite.launcher.Launcher - Verified hash of logback-classic-1.2.3.jar
2020-09-13 19:40:04 [main] INFO  net.runelite.launcher.Launcher - Verified hash of logback-core-1.2.3.jar
2020-09-13 19:40:04 [main] INFO  net.runelite.launcher.Launcher - Verified hash of jopt-simple-5.0.1.jar
2020-09-13 19:40:04 [main] INFO  net.runelite.launcher.Launcher - Verified hash of guava-23.2-jre.jar
2020-09-13 19:40:04 [main] INFO  net.runelite.launcher.Launcher - Verified hash of guice-4.1.0-no_aop.jar
2020-09-13 19:40:04 [main] INFO  net.runelite.launcher.Launcher - Verified hash of javax.inject-1.jar
2020-09-13 19:40:04 [main] INFO  net.runelite.launcher.Launcher - Verified hash of aopalliance-1.0.jar
2020-09-13 19:40:04 [main] INFO  net.runelite.launcher.Launcher - Verified hash of gson-2.8.5.jar
2020-09-13 19:40:04 [main] INFO  net.runelite.launcher.Launcher - Verified hash of substance-8.0.02.jar
2020-09-13 19:40:04 [main] INFO  net.runelite.launcher.Launcher - Verified hash of trident-1.5.00.jar
2020-09-13 19:40:04 [main] INFO  net.runelite.launcher.Launcher - Verified hash of commons-text-1.2.jar
2020-09-13 19:40:04 [main] INFO  net.runelite.launcher.Launcher - Verified hash of commons-lang3-3.7.jar
2020-09-13 19:40:04 [main] INFO  net.runelite.launcher.Launcher - Verified hash of jogl-all-2.4.0-rc-20200429.jar
2020-09-13 19:40:04 [main] INFO  net.runelite.launcher.Launcher - Verified hash of jogl-all-2.4.0-rc-20200429-natives-windows-amd64.jar
2020-09-13 19:40:04 [main] INFO  net.runelite.launcher.Launcher - Verified hash of jogl-all-2.4.0-rc-20200429-natives-windows-i586.jar
2020-09-13 19:40:04 [main] INFO  net.runelite.launcher.Launcher - Verified hash of jogl-all-2.4.0-rc-20200429-natives-linux-amd64.jar
2020-09-13 19:40:04 [main] INFO  net.runelite.launcher.Launcher - Verified hash of jogl-all-2.4.0-rc-20200429-natives-macosx-universal.jar
2020-09-13 19:40:04 [main] INFO  net.runelite.launcher.Launcher - Verified hash of gluegen-rt-2.4.0-rc-20200429.jar
2020-09-13 19:40:04 [main] INFO  net.runelite.launcher.Launcher - Verified hash of gluegen-rt-2.4.0-rc-20200429-natives-windows-amd64.jar
2020-09-13 19:40:04 [main] INFO  net.runelite.launcher.Launcher - Verified hash of gluegen-rt-2.4.0-rc-20200429-natives-windows-i586.jar
2020-09-13 19:40:04 [main] INFO  net.runelite.launcher.Launcher - Verified hash of gluegen-rt-2.4.0-rc-20200429-natives-linux-amd64.jar
2020-09-13 19:40:04 [main] INFO  net.runelite.launcher.Launcher - Verified hash of gluegen-rt-2.4.0-rc-20200429-natives-macosx-universal.jar
2020-09-13 19:40:04 [main] INFO  net.runelite.launcher.Launcher - Verified hash of archive-patcher-1.0.jar
2020-09-13 19:40:04 [main] INFO  net.runelite.launcher.Launcher - Verified hash of jna-4.5.1.jar
2020-09-13 19:40:04 [main] INFO  net.runelite.launcher.Launcher - Verified hash of jna-platform-4.5.1.jar
2020-09-13 19:40:04 [main] INFO  net.runelite.launcher.Launcher - Verified hash of jsr305-3.0.2.jar
2020-09-13 19:40:04 [main] INFO  net.runelite.launcher.Launcher - Verified hash of runelite-api-1.6.26.1.jar
2020-09-13 19:40:04 [main] INFO  net.runelite.launcher.Launcher - Verified hash of client-patch-1.6.26.1.jar
2020-09-13 19:40:04 [main] INFO  net.runelite.launcher.Launcher - Verified hash of http-api-1.6.26.1.jar
2020-09-13 19:40:04 [main] INFO  net.runelite.launcher.Launcher - Verified hash of okhttp-3.7.0.jar
2020-09-13 19:40:04 [main] INFO  net.runelite.launcher.Launcher - Verified hash of okio-1.12.0.jar
2020-09-13 19:40:04 [main] INFO  net.runelite.launcher.Launcher - Verified hash of commons-csv-1.4.jar
2020-09-13 19:40:04 [main] INFO  net.runelite.launcher.Launcher - Verified hash of discord-1.2.jar
2020-09-13 19:40:04 [main] INFO  net.runelite.launcher.JvmLauncher - Running [/Library/Java/JavaVirtualMachines/openjdk-14.0.2.jdk/Contents/Home/bin/java, -cp, /Users/pwamsley/.runelite/repository2/client-1.6.26.1.jar:/Users/pwamsley/.runelite/repository2/slf4j-api-1.7.25.jar:/Users/pwamsley/.runelite/repository2/logback-classic-1.2.3.jar:/Users/pwamsley/.runelite/repository2/logback-core-1.2.3.jar:/Users/pwamsley/.runelite/repository2/jopt-simple-5.0.1.jar:/Users/pwamsley/.runelite/repository2/guava-23.2-jre.jar:/Users/pwamsley/.runelite/repository2/guice-4.1.0-no_aop.jar:/Users/pwamsley/.runelite/repository2/javax.inject-1.jar:/Users/pwamsley/.runelite/repository2/aopalliance-1.0.jar:/Users/pwamsley/.runelite/repository2/gson-2.8.5.jar:/Users/pwamsley/.runelite/repository2/substance-8.0.02.jar:/Users/pwamsley/.runelite/repository2/trident-1.5.00.jar:/Users/pwamsley/.runelite/repository2/commons-text-1.2.jar:/Users/pwamsley/.runelite/repository2/commons-lang3-3.7.jar:/Users/pwamsley/.runelite/repository2/jogl-all-2.4.0-rc-20200429.jar:/Users/pwamsley/.runelite/repository2/jogl-all-2.4.0-rc-20200429-natives-windows-amd64.jar:/Users/pwamsley/.runelite/repository2/jogl-all-2.4.0-rc-20200429-natives-windows-i586.jar:/Users/pwamsley/.runelite/repository2/jogl-all-2.4.0-rc-20200429-natives-linux-amd64.jar:/Users/pwamsley/.runelite/repository2/jogl-all-2.4.0-rc-20200429-natives-macosx-universal.jar:/Users/pwamsley/.runelite/repository2/gluegen-rt-2.4.0-rc-20200429.jar:/Users/pwamsley/.runelite/repository2/gluegen-rt-2.4.0-rc-20200429-natives-windows-amd64.jar:/Users/pwamsley/.runelite/repository2/gluegen-rt-2.4.0-rc-20200429-natives-windows-i586.jar:/Users/pwamsley/.runelite/repository2/gluegen-rt-2.4.0-rc-20200429-natives-linux-amd64.jar:/Users/pwamsley/.runelite/repository2/gluegen-rt-2.4.0-rc-20200429-natives-macosx-universal.jar:/Users/pwamsley/.runelite/repository2/archive-patcher-1.0.jar:/Users/pwamsley/.runelite/repository2/jna-4.5.1.jar:/Users/pwamsley/.runelite/repository2/jna-platform-4.5.1.jar:/Users/pwamsley/.runelite/repository2/jsr305-3.0.2.jar:/Users/pwamsley/.runelite/repository2/runelite-api-1.6.26.1.jar:/Users/pwamsley/.runelite/repository2/client-patch-1.6.26.1.jar:/Users/pwamsley/.runelite/repository2/http-api-1.6.26.1.jar:/Users/pwamsley/.runelite/repository2/okhttp-3.7.0.jar:/Users/pwamsley/.runelite/repository2/okio-1.12.0.jar:/Users/pwamsley/.runelite/repository2/commons-csv-1.4.jar:/Users/pwamsley/.runelite/repository2/discord-1.2.jar, -XX:+DisableAttachMechanism, -Xmx512m, -Xss2m, -XX:CompileThreshold=1500, -Djna.nosys=true, -Dsun.java2d.noddraw=true, -Dsun.java2d.opengl=true, -Djava.net.preferIPv4Stack=true, -Djava.net.preferIPv4Addresses=true, -Drunelite.launcher.version=2.1.3, -XX:ErrorFile=/Users/pwamsley/.runelite/logs/jvm_crash_pid_%p.log, net.runelite.client.RuneLite]
